<?xml version="1.0" encoding="UTF-8"?>
<!-- Generated by org.testng.reporters.JUnitReportReporter -->
<testsuite skipped="0" hostname="AvichaiDavidi" name="mytinytodo.net.tests.TestNGTest" tests="4" failures="0" timestamp="26 נוב 2018 23:31:12 GMT" time="46.486" errors="0">
  <testcase name="simpleTask" time="1.180" classname="mytinytodo.net.tests.TestNGTest"/>
  <testcase name="advancedTask" time="27.966" classname="mytinytodo.net.tests.TestNGTest"/>
  <testcase name="searchTask" time="4.092" classname="mytinytodo.net.tests.TestNGTest"/>
  <testcase name="newList" time="13.248" classname="mytinytodo.net.tests.TestNGTest"/>
</testsuite> <!-- mytinytodo.net.tests.TestNGTest -->
